<?xml version="1.0" encoding="UTF-8"?>
<!-- Generated by org.testng.reporters.JUnitReportReporter -->
<testsuite skipped="0" hostname="RahulGangrade" name="spotify.oauth2.tests.PlayListTests" tests="5" failures="0" timestamp="2021-07-23T20:17:31 IST" time="8.220" errors="0">
  <testcase name="ShouldBeAbletoGetAPlaylist" time="0.881" classname="spotify.oauth2.tests.PlayListTests"/>
  <system-out/>
  <testcase name="ShouldBeAbletoUpdatePlaylist" time="0.849" classname="spotify.oauth2.tests.PlayListTests"/>
  <system-out/>
  <testcase name="ShouldNotBeAbletoCreatePlaylistWithoutName" time="0.793" classname="spotify.oauth2.tests.PlayListTests"/>
  <system-out/>
  <testcase name="ShouldNotBeAbletoCreatePlaylistWithExpiredToken" time="1.129" classname="spotify.oauth2.tests.PlayListTests"/>
  <system-out/>
  <testcase name="ShouldBeAbletoCreatePlaylist" time="4.568" classname="spotify.oauth2.tests.PlayListTests"/>
  <system-out/>
</testsuite> <!-- spotify.oauth2.tests.PlayListTests -->
