<?xml version="1.0" encoding="UTF-8"?>
<!-- Generated by org.testng.reporters.JUnitReportReporter -->
<testsuite hostname="LAPTOP-6KJM05SQ" failures="0" tests="5" name="com.spotify.oauth2.tests.PlayListTests" time="6.081" errors="0" timestamp="2021-07-28T12:42:06 IST" skipped="0">
  <testcase classname="com.spotify.oauth2.tests.PlayListTests" name="ShouldBeAbletoUpdatePlaylist" time="0.631"/>
  <system-out/>
  <testcase classname="com.spotify.oauth2.tests.PlayListTests" name="ShouldNotBeAbletoCreatePlaylistWithoutName" time="0.372"/>
  <system-out/>
  <testcase classname="com.spotify.oauth2.tests.PlayListTests" name="ShouldBeAbletoCreatePlaylist" time="4.155"/>
  <system-out/>
  <testcase classname="com.spotify.oauth2.tests.PlayListTests" name="ShouldBeAbletoGetAPlaylist" time="0.562"/>
  <system-out/>
  <testcase classname="com.spotify.oauth2.tests.PlayListTests" name="ShouldNotBeAbletoCreatePlaylistWithExpiredToken" time="0.361"/>
  <system-out/>
</testsuite> <!-- com.spotify.oauth2.tests.PlayListTests -->
