<?xml version="1.0" encoding="UTF-8"?>
<!-- Generated by org.testng.reporters.JUnitReportReporter -->
<testsuite skipped="0" hostname="LAPTOP-6KJM05SQ" name="com.spotify.oauth2.tests.PlayListTests" tests="5" failures="0" timestamp="2021-07-28T12:26:21 IST" time="26.941" errors="0">
  <testcase name="ShouldBeAbletoGetAPlaylist" time="5.686" classname="com.spotify.oauth2.tests.PlayListTests"/>
  <system-out/>
  <testcase name="ShouldNotBeAbletoCreatePlaylistWithExpiredToken" time="4.298" classname="com.spotify.oauth2.tests.PlayListTests"/>
  <system-out/>
  <testcase name="ShouldBeAbletoCreatePlaylist" time="5.686" classname="com.spotify.oauth2.tests.PlayListTests"/>
  <system-out/>
  <testcase name="ShouldBeAbletoUpdatePlaylist" time="5.633" classname="com.spotify.oauth2.tests.PlayListTests"/>
  <system-out/>
  <testcase name="ShouldNotBeAbletoCreatePlaylistWithoutName" time="5.638" classname="com.spotify.oauth2.tests.PlayListTests"/>
  <system-out/>
</testsuite> <!-- com.spotify.oauth2.tests.PlayListTests -->
